# JRE version: Java(TM) SE Runtime Environment (7.0_76-b13) (build 1.7.0_76-b13)
# Java VM: Java HotSpot(TM) 64-Bit Server VM (24.76-b04 mixed mode linux-amd64 compressed oops)
Heap
 PSYoungGen      total 9728K, used 8704K [0x00000000f5900000, 0x00000000f6380000, 0x0000000100000000)
  eden space 8704K, 100% used [0x00000000f5900000,0x00000000f6180000,0x00000000f6180000)
  from space 1024K, 0% used [0x00000000f6180000,0x00000000f6180000,0x00000000f6280000)
  to   space 1024K, 0% used [0x00000000f6280000,0x00000000f6280000,0x00000000f6380000)
 ParOldGen       total 20992K, used 2865K [0x00000000e0c00000, 0x00000000e2080000, 0x00000000f5900000)
  object space 20992K, 13% used [0x00000000e0c00000,0x00000000e0ecc608,0x00000000e2080000)
 PSPermGen       total 26624K, used 13921K [0x00000000dba00000, 0x00000000dd400000, 0x00000000e0c00000)
  object space 26624K, 52% used [0x00000000dba00000,0x00000000dc798618,0x00000000dd400000)
GC Heap History (8 events):
Event: 7,552 GC heap before
{Heap before GC invocations=1 (full 0):
 PSYoungGen      total 9728K, used 8704K [0x00000000f5900000, 0x00000000f6380000, 0x0000000100000000)
  eden space 8704K, 100% used [0x00000000f5900000,0x00000000f6180000,0x00000000f6180000)
  from space 1024K, 0% used [0x00000000f6280000,0x00000000f6280000,0x00000000f6380000)
  to   space 1024K, 0% used [0x00000000f6180000,0x00000000f6180000,0x00000000f6280000)
 ParOldGen       total 20992K, used 0K [0x00000000e0c00000, 0x00000000e2080000, 0x00000000f5900000)
  object space 20992K, 0% used [0x00000000e0c00000,0x00000000e0c00000,0x00000000e2080000)
 PSPermGen       total 21504K, used 7505K [0x00000000dba00000, 0x00000000dcf00000, 0x00000000e0c00000)
  object space 21504K, 34% used [0x00000000dba00000,0x00000000dc154730,0x00000000dcf00000)
Event: 7,565 GC heap after
Heap after GC invocations=1 (full 0):
 PSYoungGen      total 9728K, used 1008K [0x00000000f5900000, 0x00000000f6380000, 0x0000000100000000)
  eden space 8704K, 0% used [0x00000000f5900000,0x00000000f5900000,0x00000000f6180000)
  from space 1024K, 98% used [0x00000000f6180000,0x00000000f627c010,0x00000000f6280000)
  to   space 1024K, 0% used [0x00000000f6280000,0x00000000f6280000,0x00000000f6380000)
 ParOldGen       total 20992K, used 1384K [0x00000000e0c00000, 0x00000000e2080000, 0x00000000f5900000)
  object space 20992K, 6% used [0x00000000e0c00000,0x00000000e0d5a128,0x00000000e2080000)
 PSPermGen       total 21504K, used 7505K [0x00000000dba00000, 0x00000000dcf00000, 0x00000000e0c00000)
  object space 21504K, 34% used [0x00000000dba00000,0x00000000dc154730,0x00000000dcf00000)
}
Event: 11,688 GC heap before
{Heap before GC invocations=2 (full 0):
 PSYoungGen      total 9728K, used 9712K [0x00000000f5900000, 0x00000000f6380000, 0x0000000100000000)
  eden space 8704K, 100% used [0x00000000f5900000,0x00000000f6180000,0x00000000f6180000)
  from space 1024K, 98% used [0x00000000f6180000,0x00000000f627c010,0x00000000f6280000)
  to   space 1024K, 0% used [0x00000000f6280000,0x00000000f6280000,0x00000000f6380000)
 ParOldGen       total 20992K, used 1384K [0x00000000e0c00000, 0x00000000e2080000, 0x00000000f5900000)
  object space 20992K, 6% used [0x00000000e0c00000,0x00000000e0d5a128,0x00000000e2080000)
 PSPermGen       total 21504K, used 11883K [0x00000000dba00000, 0x00000000dcf00000, 0x00000000e0c00000)
  object space 21504K, 55% used [0x00000000dba00000,0x00000000dc59ae70,0x00000000dcf00000)
Event: 11,698 GC heap after
Heap after GC invocations=2 (full 0):
 PSYoungGen      total 9728K, used 992K [0x00000000f5900000, 0x00000000f6380000, 0x0000000100000000)
  eden space 8704K, 0% used [0x00000000f5900000,0x00000000f5900000,0x00000000f6180000)
  from space 1024K, 96% used [0x00000000f6280000,0x00000000f6378050,0x00000000f6380000)
  to   space 1024K, 0% used [0x00000000f6180000,0x00000000f6180000,0x00000000f6280000)
 ParOldGen       total 20992K, used 3169K [0x00000000e0c00000, 0x00000000e2080000, 0x00000000f5900000)
  object space 20992K, 15% used [0x00000000e0c00000,0x00000000e0f18680,0x00000000e2080000)
 PSPermGen       total 21504K, used 11883K [0x00000000dba00000, 0x00000000dcf00000, 0x00000000e0c00000)
  object space 21504K, 55% used [0x00000000dba00000,0x00000000dc59ae70,0x00000000dcf00000)
}
Event: 12,910 GC heap before
{Heap before GC invocations=3 (full 0):
 PSYoungGen      total 9728K, used 8729K [0x00000000f5900000, 0x00000000f6380000, 0x0000000100000000)
  eden space 8704K, 88% used [0x00000000f5900000,0x00000000f608e4a8,0x00000000f6180000)
  from space 1024K, 96% used [0x00000000f6280000,0x00000000f6378050,0x00000000f6380000)
  to   space 1024K, 0% used [0x00000000f6180000,0x00000000f6180000,0x00000000f6280000)
 ParOldGen       total 20992K, used 3169K [0x00000000e0c00000, 0x00000000e2080000, 0x00000000f5900000)
  object space 20992K, 15% used [0x00000000e0c00000,0x00000000e0f18680,0x00000000e2080000)
 PSPermGen       total 21504K, used 13116K [0x00000000dba00000, 0x00000000dcf00000, 0x00000000e0c00000)
  object space 21504K, 60% used [0x00000000dba00000,0x00000000dc6cf378,0x00000000dcf00000)
Event: 12,918 GC heap after
Heap after GC invocations=3 (full 0):
 PSYoungGen      total 9728K, used 992K [0x00000000f5900000, 0x00000000f6380000, 0x0000000100000000)
  eden space 8704K, 0% used [0x00000000f5900000,0x00000000f5900000,0x00000000f6180000)
  from space 1024K, 96% used [0x00000000f6180000,0x00000000f6278050,0x00000000f6280000)
  to   space 1024K, 0% used [0x00000000f6280000,0x00000000f6280000,0x00000000f6380000)
 ParOldGen       total 20992K, used 4060K [0x00000000e0c00000, 0x00000000e2080000, 0x00000000f5900000)
  object space 20992K, 19% used [0x00000000e0c00000,0x00000000e0ff7070,0x00000000e2080000)
 PSPermGen       total 21504K, used 13116K [0x00000000dba00000, 0x00000000dcf00000, 0x00000000e0c00000)
  object space 21504K, 60% used [0x00000000dba00000,0x00000000dc6cf378,0x00000000dcf00000)
}
Event: 12,940 GC heap before
{Heap before GC invocations=4 (full 1):
 PSYoungGen      total 9728K, used 992K [0x00000000f5900000, 0x00000000f6380000, 0x0000000100000000)
  eden space 8704K, 0% used [0x00000000f5900000,0x00000000f5900000,0x00000000f6180000)
  from space 1024K, 96% used [0x00000000f6180000,0x00000000f6278050,0x00000000f6280000)
  to   space 1024K, 0% used [0x00000000f6280000,0x00000000f6280000,0x00000000f6380000)
 ParOldGen       total 20992K, used 4060K [0x00000000e0c00000, 0x00000000e2080000, 0x00000000f5900000)
  object space 20992K, 19% used [0x00000000e0c00000,0x00000000e0ff7070,0x00000000e2080000)
 PSPermGen       total 21504K, used 13116K [0x00000000dba00000, 0x00000000dcf00000, 0x00000000e0c00000)
  object space 21504K, 60% used [0x00000000dba00000,0x00000000dc6cf378,0x00000000dcf00000)
Event: 13,056 GC heap after
Heap after GC invocations=4 (full 1):
 PSYoungGen      total 9728K, used 0K [0x00000000f5900000, 0x00000000f6380000, 0x0000000100000000)
  eden space 8704K, 0% used [0x00000000f5900000,0x00000000f5900000,0x00000000f6180000)
  from space 1024K, 0% used [0x00000000f6180000,0x00000000f6180000,0x00000000f6280000)
  to   space 1024K, 0% used [0x00000000f6280000,0x00000000f6280000,0x00000000f6380000)
 ParOldGen       total 20992K, used 2865K [0x00000000e0c00000, 0x00000000e2080000, 0x00000000f5900000)
  object space 20992K, 13% used [0x00000000e0c00000,0x00000000e0ecc608,0x00000000e2080000)
 PSPermGen       total 26624K, used 13112K [0x00000000dba00000, 0x00000000dd400000, 0x00000000e0c00000)
  object space 26624K, 49% used [0x00000000dba00000,0x00000000dc6ce3d8,0x00000000dd400000)
}

